2018-01-01T05:15:19+00:00 CRITICAL Allowed memory size of 67108864 bytes exhausted (tried to allocate 786432 bytes)

2018-01-01T05:15:19+00:00 CRITICAL Allowed memory size of 67108864 bytes exhausted (tried to allocate 3145728 bytes)

2018-01-01T05:15:21+00:00 CRITICAL Allowed memory size of 67108864 bytes exhausted (tried to allocate 3145728 bytes)

2018-01-01T05:15:21+00:00 CRITICAL Allowed memory size of 67108864 bytes exhausted (tried to allocate 3145728 bytes)

2018-01-01T16:38:55+00:00 CRITICAL Allowed memory size of 67108864 bytes exhausted (tried to allocate 3145728 bytes)

2018-01-01T16:39:04+00:00 CRITICAL Allowed memory size of 67108864 bytes exhausted (tried to allocate 49152 bytes)

2018-01-01T16:43:06+00:00 CRITICAL Allowed memory size of 67108864 bytes exhausted (tried to allocate 3145728 bytes)

2018-01-01T16:44:58+00:00 CRITICAL Allowed memory size of 67108864 bytes exhausted (tried to allocate 49152 bytes)

2018-01-01T16:45:01+00:00 CRITICAL Allowed memory size of 67108864 bytes exhausted (tried to allocate 49152 bytes)

2018-01-01T16:45:17+00:00 CRITICAL Allowed memory size of 67108864 bytes exhausted (tried to allocate 3145728 bytes)

2018-01-01T16:49:10+00:00 CRITICAL Allowed memory size of 67108864 bytes exhausted (tried to allocate 49152 bytes)

2018-01-01T16:58:21+00:00 CRITICAL Allowed memory size of 67108864 bytes exhausted (tried to allocate 49152 bytes)

2018-01-01T16:58:27+00:00 CRITICAL Allowed memory size of 67108864 bytes exhausted (tried to allocate 49152 bytes)

2018-01-01T16:58:31+00:00 CRITICAL Allowed memory size of 67108864 bytes exhausted (tried to allocate 49152 bytes)

2018-01-01T17:00:04+00:00 CRITICAL Allowed memory size of 67108864 bytes exhausted (tried to allocate 49152 bytes)

2018-01-01T17:00:07+00:00 CRITICAL Allowed memory size of 67108864 bytes exhausted (tried to allocate 49152 bytes)

2018-01-01T17:00:08+00:00 CRITICAL Allowed memory size of 67108864 bytes exhausted (tried to allocate 49152 bytes)

2018-01-01T17:00:10+00:00 CRITICAL Allowed memory size of 67108864 bytes exhausted (tried to allocate 49152 bytes)

2018-01-01T17:00:10+00:00 CRITICAL Allowed memory size of 67108864 bytes exhausted (tried to allocate 49152 bytes)

2018-01-01T17:00:11+00:00 CRITICAL Allowed memory size of 67108864 bytes exhausted (tried to allocate 49152 bytes)

2018-01-01T17:00:12+00:00 CRITICAL Allowed memory size of 67108864 bytes exhausted (tried to allocate 49152 bytes)

2018-01-01T17:05:39+00:00 CRITICAL Allowed memory size of 67108864 bytes exhausted (tried to allocate 49152 bytes)

2018-01-01T17:06:13+00:00 CRITICAL Allowed memory size of 67108864 bytes exhausted (tried to allocate 49152 bytes)

2018-01-01T17:07:44+00:00 CRITICAL Allowed memory size of 67108864 bytes exhausted (tried to allocate 529920 bytes)

2018-01-01T17:08:00+00:00 CRITICAL Allowed memory size of 67108864 bytes exhausted (tried to allocate 574080 bytes)

2018-01-01T17:08:16+00:00 CRITICAL Allowed memory size of 67108864 bytes exhausted (tried to allocate 3145728 bytes)

2018-01-01T17:10:41+00:00 CRITICAL Allowed memory size of 67108864 bytes exhausted (tried to allocate 542080 bytes)

2018-01-01T17:10:45+00:00 CRITICAL Allowed memory size of 67108864 bytes exhausted (tried to allocate 542080 bytes)

2018-01-01T17:14:31+00:00 CRITICAL Allowed memory size of 67108864 bytes exhausted (tried to allocate 542080 bytes)

2018-01-01T17:14:35+00:00 CRITICAL Allowed memory size of 67108864 bytes exhausted (tried to allocate 542080 bytes)

2018-01-05T18:35:58+00:00 CRITICAL Call to a member function toArray() on array

2018-01-05T18:36:26+00:00 CRITICAL Call to a member function toArray() on array

2018-01-09T06:40:55+00:00 CRITICAL Cannot use object of type stdClass as array

2018-01-09T06:42:09+00:00 CRITICAL Cannot use object of type stdClass as array

2018-01-09T06:42:24+00:00 CRITICAL Cannot use object of type stdClass as array

2018-01-09T18:30:23+00:00 CRITICAL Call to undefined function get_cpt_archives()

2018-01-10T07:40:49+00:00 CRITICAL Call to a member function get_total() on null

2018-01-10T07:42:07+00:00 CRITICAL Call to a member function get_total() on null

2018-01-10T07:43:48+00:00 CRITICAL Call to a member function get_total() on null

2018-01-10T07:45:08+00:00 CRITICAL Call to a member function get_total() on null

2018-01-10T07:46:01+00:00 CRITICAL Call to a member function get_total() on null

2018-01-10T17:49:35+00:00 CRITICAL Call to undefined function get_cpt_archives()

2018-01-10T17:52:34+00:00 CRITICAL Call to undefined function get_cpt_archives()

2018-01-10T17:53:09+00:00 CRITICAL Call to undefined function get_cpt_archives()

2018-01-10T17:55:15+00:00 CRITICAL Call to undefined function get_cpt_archives()

2018-01-10T17:56:54+00:00 CRITICAL Call to undefined function get_cpt_archives()

2018-01-10T17:58:57+00:00 CRITICAL Call to undefined function get_cpt_archives()

2018-01-10T18:02:28+00:00 CRITICAL Call to undefined function get_cpt_archives()

2018-01-10T18:07:27+00:00 CRITICAL Call to undefined function get_cpt_archives()

2018-01-10T18:08:35+00:00 CRITICAL Call to undefined function get_cpt_archives()

2018-01-10T18:14:13+00:00 CRITICAL Call to undefined function get_cpt_archives()

2018-01-10T18:25:34+00:00 CRITICAL Call to undefined function get_cpt_archives()

2018-01-10T18:27:44+00:00 CRITICAL Call to undefined function get_cpt_archives()

2018-01-11T09:55:26+00:00 CRITICAL Call to undefined function get_cpt_archives()

2018-01-17T06:49:43+00:00 CRITICAL Call to a member function get_status() on boolean

2018-01-17T06:52:20+00:00 CRITICAL Call to a member function get_status() on boolean

2018-01-17T10:32:03+00:00 CRITICAL Call to undefined function get_the_field()

2018-01-25T15:38:55+00:00 CRITICAL Call to a member function get_results() on null

2018-01-25T15:39:38+00:00 CRITICAL Call to a member function get_results() on null

2018-01-25T15:40:35+00:00 CRITICAL Call to a member function get_results() on null

2018-01-25T15:43:13+00:00 CRITICAL Call to a member function get_results() on null

2018-01-25T15:54:50+00:00 CRITICAL Call to a member function get_results() on null

2018-01-25T16:28:48+00:00 CRITICAL Call to a member function get_results() on null

2018-01-25T16:29:40+00:00 CRITICAL Call to a member function get_results() on null

2018-01-25T16:51:59+00:00 CRITICAL Call to a member function get_results() on null

2018-01-25T17:03:51+00:00 CRITICAL Call to a member function get_results() on null

2018-01-25T17:41:59+00:00 CRITICAL Call to a member function get_results() on null

2018-01-25T17:45:04+00:00 CRITICAL Call to a member function get_results() on null

2018-01-25T17:46:04+00:00 CRITICAL Call to a member function get_results() on null

2018-01-25T17:50:51+00:00 CRITICAL Call to a member function get_results() on null

2018-01-25T19:50:51+00:00 CRITICAL Call to a member function get_results() on null

2018-01-26T06:02:18+00:00 CRITICAL Call to a member function get_results() on null

2018-01-26T06:11:22+00:00 CRITICAL Call to a member function get_results() on null

2018-01-26T06:34:07+00:00 CRITICAL Call to a member function get_results() on null

2018-01-26T06:34:46+00:00 CRITICAL Call to a member function get_results() on null

2018-01-26T06:38:33+00:00 CRITICAL Call to a member function get_results() on null

2018-01-26T07:37:52+00:00 CRITICAL Call to a member function get_results() on null

2018-01-27T03:14:28+00:00 CRITICAL Call to undefined function addhttp()

2018-01-28T08:37:29+00:00 CRITICAL Cannot use object of type stdClass as array

2018-01-28T08:37:56+00:00 CRITICAL Cannot use object of type stdClass as array

2018-01-29T10:22:32+00:00 CRITICAL Function name must be a string

2018-01-29T10:23:26+00:00 CRITICAL Function name must be a string

2018-01-29T10:23:49+00:00 CRITICAL Function name must be a string

2018-01-29T10:25:20+00:00 CRITICAL Function name must be a string

2018-01-29T10:25:51+00:00 CRITICAL Function name must be a string

2018-01-29T10:26:19+00:00 CRITICAL Function name must be a string

2018-01-29T10:26:50+00:00 CRITICAL Function name must be a string

2018-02-06T16:15:18+00:00 CRITICAL Call to undefined function request_filesystem_credentials()

2018-02-06T17:53:44+00:00 CRITICAL Call to undefined function request_filesystem_credentials()

2018-02-08T00:11:49+00:00 CRITICAL Call to undefined function request_filesystem_credentials()

2018-02-08T16:19:57+00:00 CRITICAL Call to undefined function request_filesystem_credentials()

2018-02-08T17:13:36+00:00 CRITICAL Call to undefined function request_filesystem_credentials()

2018-02-09T04:44:00+00:00 CRITICAL Call to undefined function request_filesystem_credentials()

2018-02-10T04:05:54+00:00 CRITICAL Call to undefined function request_filesystem_credentials()

2018-02-11T00:30:29+00:00 CRITICAL Call to undefined function request_filesystem_credentials()

2018-02-12T14:51:27+00:00 CRITICAL Call to undefined function request_filesystem_credentials()

2018-02-13T13:04:33+00:00 CRITICAL Call to undefined function request_filesystem_credentials()

2018-02-14T00:18:06+00:00 CRITICAL Call to undefined function request_filesystem_credentials()

2018-02-14T23:19:04+00:00 CRITICAL Call to undefined function request_filesystem_credentials()

2018-02-15T20:30:21+00:00 CRITICAL Call to undefined function request_filesystem_credentials()

2018-02-16T15:05:53+00:00 CRITICAL Call to undefined function request_filesystem_credentials()

2018-02-17T08:32:30+00:00 CRITICAL Call to undefined function request_filesystem_credentials()

